🌸 开始执行每日更新: 2026-03-07
✅ 日记文件创建完成
📸 正在截图...
📝 更新统计数据...
[main e3d3384] auto: 每日更新 2026-03-07
 4 files changed, 82 insertions(+), 3 deletions(-)
 create mode 100644 auto-update.log
 create mode 100755 auto-update.sh
 create mode 100644 diary/2026-03-07.md
error: src refspec master does not match any
error: failed to push some refs to 'https://github.com/yejigang-lab/xiaoqian-growth-diary.git'
推送失败，保留本地
✅ 每日更新完成: 2026-03-07
/workspace/projects/workspace/growth-diary/auto-update.sh: line 55: EOF: command not found
🌸 开始执行每日更新: 2026-03-08
✅ 日记文件创建完成
📸 正在截图...
📝 更新统计数据...
[main df928c5] auto: 每日更新 2026-03-08
 2 files changed, 24 insertions(+)
 create mode 100644 diary/2026-03-08.md
To https://github.com/yejigang-lab/xiaoqian-growth-diary.git
   eca6db8..df928c5  main -> main
✅ 每日更新完成: 2026-03-08
🌸 开始执行每日更新: 2026-03-09
✅ 日记文件创建完成
📸 正在截图...
📝 更新统计数据...
